<?xml version="1.0" encoding="UTF-8"?>
<!-- Generated by org.testng.reporters.JUnitReportReporter -->
<testsuite hostname="Anubhuti" failures="0" tests="7" name="com.qa.opencart.test.ProductSearchTest" time="5.732" errors="0" timestamp="2024-10-02T22:12:23 IST" skipped="0">
  <testcase classname="com.qa.opencart.test.ProductSearchTest" name="productSearchPage" time="0.716"/>
  <system-out/>
  <testcase classname="com.qa.opencart.test.ProductSearchTest" name="productImagesCountTest" time="0.792"/>
  <system-out/>
  <testcase classname="com.qa.opencart.test.ProductSearchTest" name="productImagesCountTest" time="0.821"/>
  <system-out/>
  <testcase classname="com.qa.opencart.test.ProductSearchTest" name="productImagesCountTest" time="0.736"/>
  <system-out/>
  <testcase classname="com.qa.opencart.test.ProductSearchTest" name="productDataTest" time="1.248"/>
  <system-out/>
  <testcase classname="com.qa.opencart.test.ProductSearchTest" name="productSearchPage" time="0.734"/>
  <system-out/>
  <testcase classname="com.qa.opencart.test.ProductSearchTest" name="productSearchPage" time="0.685"/>
  <system-out/>
</testsuite> <!-- com.qa.opencart.test.ProductSearchTest -->
