<?xml version="1.0" encoding="UTF-8"?>
<!-- Generated by org.testng.reporters.JUnitReportReporter -->
<testsuite hostname="Anubhuti" failures="0" tests="3" name="com.qa.opencart.test.RegisterTest" time="5.466" errors="0" timestamp="2024-10-17T17:50:11 IST" skipped="0">
  <testcase classname="com.qa.opencart.test.RegisterTest" name="userRegistration" time="1.733"/>
  <system-out/>
  <testcase classname="com.qa.opencart.test.RegisterTest" name="userRegistration" time="1.736"/>
  <system-out/>
  <testcase classname="com.qa.opencart.test.RegisterTest" name="userRegistration" time="1.997"/>
  <system-out/>
</testsuite> <!-- com.qa.opencart.test.RegisterTest -->
