<?xml version="1.0" encoding="UTF-8"?>
<!-- Generated by org.testng.reporters.JUnitReportReporter -->
<testsuite hostname="Anubhuti" failures="0" tests="4" name="com.qa.opencart.test.LoginPageTest" time="1.003" errors="0" timestamp="2024-10-08T15:27:23 IST" skipped="0">
  <testcase classname="com.qa.opencart.test.LoginPageTest" name="loginPageUrlTest" time="0.015"/>
  <system-out/>
  <testcase classname="com.qa.opencart.test.LoginPageTest" name="forgotPwdLinkExistTest" time="0.047"/>
  <system-out/>
  <testcase classname="com.qa.opencart.test.LoginPageTest" name="loginPageTitleTest" time="0.020"/>
  <system-out/>
  <testcase classname="com.qa.opencart.test.LoginPageTest" name="loginTest" time="0.921"/>
  <system-out/>
</testsuite> <!-- com.qa.opencart.test.LoginPageTest -->
