<?xml version="1.0" encoding="UTF-8"?>
<!-- Generated by org.testng.reporters.JUnitReportReporter -->
<testsuite hostname="Anubhuti" failures="0" tests="3" name="com.qa.opencart.test.RegisterTest" time="5.092" errors="0" timestamp="2024-10-18T12:11:36 IST" skipped="0">
  <testcase classname="com.qa.opencart.test.RegisterTest" name="userRegistration" time="1.610"/>
  <system-out/>
  <testcase classname="com.qa.opencart.test.RegisterTest" name="userRegistration" time="1.650"/>
  <system-out/>
  <testcase classname="com.qa.opencart.test.RegisterTest" name="userRegistration" time="1.832"/>
  <system-out/>
</testsuite> <!-- com.qa.opencart.test.RegisterTest -->
