<?xml version="1.0" encoding="UTF-8"?>
<!-- Generated by org.testng.reporters.JUnitReportReporter -->
<testsuite hostname="Anubhuti" failures="0" tests="7" name="com.qa.opencart.test.ProductSearchTest" time="5.428" errors="0" timestamp="2024-10-05T14:08:35 IST" skipped="0">
  <testcase classname="com.qa.opencart.test.ProductSearchTest" name="productSearchPage" time="0.673"/>
  <system-out/>
  <testcase classname="com.qa.opencart.test.ProductSearchTest" name="productSearchPage" time="0.663"/>
  <system-out/>
  <testcase classname="com.qa.opencart.test.ProductSearchTest" name="productDataTest" time="1.244"/>
  <system-out/>
  <testcase classname="com.qa.opencart.test.ProductSearchTest" name="productSearchPage" time="0.674"/>
  <system-out/>
  <testcase classname="com.qa.opencart.test.ProductSearchTest" name="productImagesCountTest" time="0.720"/>
  <system-out/>
  <testcase classname="com.qa.opencart.test.ProductSearchTest" name="productImagesCountTest" time="0.657"/>
  <system-out/>
  <testcase classname="com.qa.opencart.test.ProductSearchTest" name="productImagesCountTest" time="0.797"/>
  <system-out/>
</testsuite> <!-- com.qa.opencart.test.ProductSearchTest -->
