<?xml version="1.0" encoding="UTF-8"?>
<!-- Generated by org.testng.reporters.JUnitReportReporter -->
<testsuite hostname="Anubhuti" failures="0" tests="3" name="com.qa.opencart.test.RegisterTest" time="5.969" errors="0" timestamp="2024-10-05T11:35:15 IST" skipped="0">
  <testcase classname="com.qa.opencart.test.RegisterTest" name="userRegistration" time="2.002"/>
  <system-out/>
  <testcase classname="com.qa.opencart.test.RegisterTest" name="userRegistration" time="1.992"/>
  <system-out/>
  <testcase classname="com.qa.opencart.test.RegisterTest" name="userRegistration" time="1.975"/>
  <system-out/>
</testsuite> <!-- com.qa.opencart.test.RegisterTest -->
