<?xml version="1.0" encoding="UTF-8"?>
<!-- Generated by org.testng.reporters.JUnitReportReporter -->
<testsuite hostname="Anubhuti" failures="0" tests="3" name="com.qa.opencart.test.RegisterTest" time="5.392" errors="0" timestamp="2024-10-17T16:23:57 IST" skipped="0">
  <testcase classname="com.qa.opencart.test.RegisterTest" name="userRegistration" time="2.031"/>
  <system-out/>
  <testcase classname="com.qa.opencart.test.RegisterTest" name="userRegistration" time="1.679"/>
  <system-out/>
  <testcase classname="com.qa.opencart.test.RegisterTest" name="userRegistration" time="1.682"/>
  <system-out/>
</testsuite> <!-- com.qa.opencart.test.RegisterTest -->
