<?xml version="1.0" encoding="UTF-8"?>
<!-- Generated by org.testng.reporters.JUnitReportReporter -->
<testsuite hostname="Anubhuti" failures="0" tests="7" name="com.qa.opencart.test.ProductSearchTest" time="4.852" errors="0" timestamp="2024-10-08T15:27:23 IST" skipped="0">
  <testcase classname="com.qa.opencart.test.ProductSearchTest" name="productImagesCountTest" time="0.587"/>
  <system-out/>
  <testcase classname="com.qa.opencart.test.ProductSearchTest" name="productSearchPage" time="0.767"/>
  <system-out/>
  <testcase classname="com.qa.opencart.test.ProductSearchTest" name="productDataTest" time="1.035"/>
  <system-out/>
  <testcase classname="com.qa.opencart.test.ProductSearchTest" name="productImagesCountTest" time="0.638"/>
  <system-out/>
  <testcase classname="com.qa.opencart.test.ProductSearchTest" name="productSearchPage" time="0.651"/>
  <system-out/>
  <testcase classname="com.qa.opencart.test.ProductSearchTest" name="productImagesCountTest" time="0.644"/>
  <system-out/>
  <testcase classname="com.qa.opencart.test.ProductSearchTest" name="productSearchPage" time="0.530"/>
  <system-out/>
</testsuite> <!-- com.qa.opencart.test.ProductSearchTest -->
