<?xml version="1.0" encoding="UTF-8"?>
<!-- Generated by org.testng.reporters.JUnitReportReporter -->
<testsuite hostname="Anubhuti" failures="0" tests="3" name="com.qa.opencart.test.AccountPageTest" time="0.180" errors="0" timestamp="2024-11-06T17:59:26 IST" skipped="0">
  <testcase classname="com.qa.opencart.test.AccountPageTest" name="isLogoutLinkExist" time="0.021"/>
  <system-out/>
  <testcase classname="com.qa.opencart.test.AccountPageTest" name="acctPageTitleTest" time="0.108"/>
  <system-out/>
  <testcase classname="com.qa.opencart.test.AccountPageTest" name="verifyAccountPageHeaders" time="0.051"/>
  <system-out/>
</testsuite> <!-- com.qa.opencart.test.AccountPageTest -->
