<?xml version="1.0" encoding="UTF-8"?>
<!-- Generated by org.testng.reporters.JUnitReportReporter -->
<testsuite hostname="Anubhuti" failures="0" tests="6" name="com.qa.opencart.test.ProductSearchPage" time="8.906" errors="0" timestamp="2024-07-22T16:19:24 IST" skipped="0">
  <testcase classname="com.qa.opencart.test.ProductSearchPage" name="productSearchPage" time="1.111"/>
  <testcase classname="com.qa.opencart.test.ProductSearchPage" name="productImagesCountTest" time="1.857"/>
  <testcase classname="com.qa.opencart.test.ProductSearchPage" name="productImagesCountTest" time="1.419"/>
  <testcase classname="com.qa.opencart.test.ProductSearchPage" name="productSearchPage" time="1.099"/>
  <testcase classname="com.qa.opencart.test.ProductSearchPage" name="productImagesCountTest" time="2.299"/>
  <testcase classname="com.qa.opencart.test.ProductSearchPage" name="productSearchPage" time="1.121"/>
</testsuite> <!-- com.qa.opencart.test.ProductSearchPage -->
