<?xml version="1.0" encoding="UTF-8"?>
<!-- Generated by org.testng.reporters.JUnitReportReporter -->
<testsuite hostname="Anubhuti" failures="0" tests="7" name="com.qa.opencart.test.ProductSearchTest" time="5.141" errors="0" timestamp="2024-10-17T16:23:57 IST" skipped="0">
  <testcase classname="com.qa.opencart.test.ProductSearchTest" name="productSearchPage" time="0.533"/>
  <system-out/>
  <testcase classname="com.qa.opencart.test.ProductSearchTest" name="productImagesCountTest" time="0.676"/>
  <system-out/>
  <testcase classname="com.qa.opencart.test.ProductSearchTest" name="productSearchPage" time="0.657"/>
  <system-out/>
  <testcase classname="com.qa.opencart.test.ProductSearchTest" name="productSearchPage" time="0.626"/>
  <system-out/>
  <testcase classname="com.qa.opencart.test.ProductSearchTest" name="productImagesCountTest" time="0.939"/>
  <system-out/>
  <testcase classname="com.qa.opencart.test.ProductSearchTest" name="productDataTest" time="1.042"/>
  <system-out/>
  <testcase classname="com.qa.opencart.test.ProductSearchTest" name="productImagesCountTest" time="0.668"/>
  <system-out/>
</testsuite> <!-- com.qa.opencart.test.ProductSearchTest -->
