<?xml version="1.0" encoding="UTF-8"?>
<!-- Generated by org.testng.reporters.JUnitReportReporter -->
<testsuite hostname="Anubhuti" failures="0" tests="4" name="com.qa.opencart.test.LoginPageTest" time="1.034" errors="0" timestamp="2024-10-17T16:23:57 IST" skipped="0">
  <testcase classname="com.qa.opencart.test.LoginPageTest" name="loginPageUrlTest" time="0.017"/>
  <system-out/>
  <testcase classname="com.qa.opencart.test.LoginPageTest" name="loginPageTitleTest" time="0.018"/>
  <system-out/>
  <testcase classname="com.qa.opencart.test.LoginPageTest" name="loginTest" time="0.907"/>
  <system-out/>
  <testcase classname="com.qa.opencart.test.LoginPageTest" name="forgotPwdLinkExistTest" time="0.092"/>
  <system-out/>
</testsuite> <!-- com.qa.opencart.test.LoginPageTest -->
