<?xml version="1.0" encoding="UTF-8"?>
<!-- Generated by org.testng.reporters.JUnitReportReporter -->
<testsuite hostname="Anubhuti" failures="0" tests="3" name="com.qa.opencart.test.AccountPageTest" time="0.176" errors="0" timestamp="2024-10-08T17:30:30 IST" skipped="0">
  <testcase classname="com.qa.opencart.test.AccountPageTest" name="isLogoutLinkExist" time="0.035"/>
  <testcase classname="com.qa.opencart.test.AccountPageTest" name="verifyAccountPageHeaders" time="0.119"/>
  <testcase classname="com.qa.opencart.test.AccountPageTest" name="acctPageTitleTest" time="0.022"/>
</testsuite> <!-- com.qa.opencart.test.AccountPageTest -->
