<?xml version="1.0" encoding="UTF-8"?>
<!-- Generated by org.testng.reporters.JUnitReportReporter -->
<testsuite hostname="Anubhuti" failures="0" tests="4" name="com.qa.opencart.test.LoginPageTest" time="1.066" errors="0" timestamp="2024-10-18T11:56:19 IST" skipped="0">
  <testcase classname="com.qa.opencart.test.LoginPageTest" name="loginTest" time="0.946"/>
  <testcase classname="com.qa.opencart.test.LoginPageTest" name="loginPageUrlTest" time="0.015"/>
  <testcase classname="com.qa.opencart.test.LoginPageTest" name="forgotPwdLinkExistTest" time="0.091"/>
  <testcase classname="com.qa.opencart.test.LoginPageTest" name="loginPageTitleTest" time="0.014"/>
</testsuite> <!-- com.qa.opencart.test.LoginPageTest -->
