<?xml version="1.0" encoding="UTF-8"?>
<!-- Generated by org.testng.reporters.JUnitReportReporter -->
<testsuite hostname="Anubhuti" failures="0" tests="3" name="com.qa.opencart.test.RegisterTest" time="5.311" errors="0" timestamp="2024-10-17T17:54:13 IST" skipped="0">
  <testcase classname="com.qa.opencart.test.RegisterTest" name="userRegistration" time="1.731"/>
  <testcase classname="com.qa.opencart.test.RegisterTest" name="userRegistration" time="1.726"/>
  <testcase classname="com.qa.opencart.test.RegisterTest" name="userRegistration" time="1.854"/>
</testsuite> <!-- com.qa.opencart.test.RegisterTest -->
