<?xml version="1.0" encoding="UTF-8"?>
<!-- Generated by org.testng.reporters.JUnitReportReporter -->
<testsuite hostname="Anubhuti" failures="0" tests="3" name="com.qa.opencart.test.RegisterTest" time="5.487" errors="0" timestamp="2024-10-17T17:50:52 IST" skipped="0">
  <testcase classname="com.qa.opencart.test.RegisterTest" name="userRegistration" time="1.999"/>
  <testcase classname="com.qa.opencart.test.RegisterTest" name="userRegistration" time="1.772"/>
  <testcase classname="com.qa.opencart.test.RegisterTest" name="userRegistration" time="1.716"/>
</testsuite> <!-- com.qa.opencart.test.RegisterTest -->
