<?xml version="1.0" encoding="UTF-8"?>
<!-- Generated by org.testng.reporters.JUnitReportReporter -->
<testsuite hostname="Anubhuti" failures="0" tests="4" name="com.qa.opencart.test.LoginPageTest" time="1.184" errors="0" timestamp="2024-10-08T17:30:30 IST" skipped="0">
  <testcase classname="com.qa.opencart.test.LoginPageTest" name="forgotPwdLinkExistTest" time="0.111"/>
  <testcase classname="com.qa.opencart.test.LoginPageTest" name="loginTest" time="1.014"/>
  <testcase classname="com.qa.opencart.test.LoginPageTest" name="loginPageTitleTest" time="0.021"/>
  <testcase classname="com.qa.opencart.test.LoginPageTest" name="loginPageUrlTest" time="0.038"/>
</testsuite> <!-- com.qa.opencart.test.LoginPageTest -->
