<?xml version="1.0" encoding="UTF-8"?>
<!-- Generated by org.testng.reporters.JUnitReportReporter -->
<testsuite hostname="Anubhuti" failures="0" tests="7" name="com.qa.opencart.test.ProductSearchTest" time="6.571" errors="0" timestamp="2024-10-18T11:56:19 IST" skipped="0">
  <testcase classname="com.qa.opencart.test.ProductSearchTest" name="productImagesCountTest" time="0.639"/>
  <testcase classname="com.qa.opencart.test.ProductSearchTest" name="productImagesCountTest" time="1.025"/>
  <testcase classname="com.qa.opencart.test.ProductSearchTest" name="productImagesCountTest" time="1.026"/>
  <testcase classname="com.qa.opencart.test.ProductSearchTest" name="productDataTest" time="1.427"/>
  <testcase classname="com.qa.opencart.test.ProductSearchTest" name="productSearchPage" time="0.820"/>
  <testcase classname="com.qa.opencart.test.ProductSearchTest" name="productSearchPage" time="0.876"/>
  <testcase classname="com.qa.opencart.test.ProductSearchTest" name="productSearchPage" time="0.758"/>
</testsuite> <!-- com.qa.opencart.test.ProductSearchTest -->
