<?xml version="1.0" encoding="UTF-8"?>
<!-- Generated by org.testng.reporters.JUnitReportReporter -->
<testsuite hostname="Anubhuti" failures="0" tests="3" name="com.qa.opencart.test.RegisterTest" time="6.373" errors="0" timestamp="2024-10-18T11:56:19 IST" skipped="0">
  <testcase classname="com.qa.opencart.test.RegisterTest" name="userRegistration" time="1.904"/>
  <testcase classname="com.qa.opencart.test.RegisterTest" name="userRegistration" time="2.345"/>
  <testcase classname="com.qa.opencart.test.RegisterTest" name="userRegistration" time="2.124"/>
</testsuite> <!-- com.qa.opencart.test.RegisterTest -->
