<?xml version="1.0" encoding="UTF-8"?>
<!-- Generated by org.testng.reporters.JUnitReportReporter -->
<testsuite hostname="Anubhuti" failures="0" tests="7" name="com.qa.opencart.test.ProductSearchTest" time="4.486" errors="0" timestamp="2024-10-17T17:54:13 IST" skipped="0">
  <testcase classname="com.qa.opencart.test.ProductSearchTest" name="productImagesCountTest" time="0.705"/>
  <testcase classname="com.qa.opencart.test.ProductSearchTest" name="productImagesCountTest" time="0.610"/>
  <testcase classname="com.qa.opencart.test.ProductSearchTest" name="productImagesCountTest" time="0.529"/>
  <testcase classname="com.qa.opencart.test.ProductSearchTest" name="productDataTest" time="0.944"/>
  <testcase classname="com.qa.opencart.test.ProductSearchTest" name="productSearchPage" time="0.623"/>
  <testcase classname="com.qa.opencart.test.ProductSearchTest" name="productSearchPage" time="0.560"/>
  <testcase classname="com.qa.opencart.test.ProductSearchTest" name="productSearchPage" time="0.515"/>
</testsuite> <!-- com.qa.opencart.test.ProductSearchTest -->
