<?xml version="1.0" encoding="UTF-8"?>
<!-- Generated by org.testng.reporters.JUnitReportReporter -->
<testsuite hostname="Anubhuti" failures="0" tests="3" name="com.qa.opencart.test.AccountPageTest" time="0.132" errors="0" timestamp="2024-10-17T17:54:13 IST" skipped="0">
  <testcase classname="com.qa.opencart.test.AccountPageTest" name="verifyAccountPageHeaders" time="0.084"/>
  <testcase classname="com.qa.opencart.test.AccountPageTest" name="acctPageTitleTest" time="0.022"/>
  <testcase classname="com.qa.opencart.test.AccountPageTest" name="isLogoutLinkExist" time="0.026"/>
</testsuite> <!-- com.qa.opencart.test.AccountPageTest -->
