<?xml version="1.0" encoding="UTF-8"?>
<!-- Generated by org.testng.reporters.JUnitReportReporter -->
<testsuite hostname="Anubhuti" failures="0" tests="4" name="com.qa.opencart.test.LoginPageTest" time="1.104" errors="0" timestamp="2024-10-17T17:50:52 IST" skipped="0">
  <testcase classname="com.qa.opencart.test.LoginPageTest" name="forgotPwdLinkExistTest" time="0.085"/>
  <testcase classname="com.qa.opencart.test.LoginPageTest" name="loginPageTitleTest" time="0.027"/>
  <testcase classname="com.qa.opencart.test.LoginPageTest" name="loginPageUrlTest" time="0.021"/>
  <testcase classname="com.qa.opencart.test.LoginPageTest" name="loginTest" time="0.971"/>
</testsuite> <!-- com.qa.opencart.test.LoginPageTest -->
