<?xml version="1.0" encoding="UTF-8"?>
<!-- Generated by org.testng.reporters.JUnitReportReporter -->
<testsuite hostname="Anubhuti" failures="0" tests="3" name="com.qa.opencart.test.RegisterTest" time="5.747" errors="0" timestamp="2024-10-08T17:30:30 IST" skipped="0">
  <testcase classname="com.qa.opencart.test.RegisterTest" name="userRegistration" time="1.853"/>
  <testcase classname="com.qa.opencart.test.RegisterTest" name="userRegistration" time="1.759"/>
  <testcase classname="com.qa.opencart.test.RegisterTest" name="userRegistration" time="2.135"/>
</testsuite> <!-- com.qa.opencart.test.RegisterTest -->
