<?xml version="1.0" encoding="UTF-8"?>
<!-- Generated by org.testng.reporters.JUnitReportReporter -->
<testsuite hostname="Anubhuti" failures="0" tests="7" name="com.qa.opencart.test.ProductSearchTest" time="5.007" errors="0" timestamp="2024-10-17T17:50:52 IST" skipped="0">
  <testcase classname="com.qa.opencart.test.ProductSearchTest" name="productSearchPage" time="0.645"/>
  <testcase classname="com.qa.opencart.test.ProductSearchTest" name="productSearchPage" time="0.513"/>
  <testcase classname="com.qa.opencart.test.ProductSearchTest" name="productDataTest" time="1.150"/>
  <testcase classname="com.qa.opencart.test.ProductSearchTest" name="productImagesCountTest" time="0.682"/>
  <testcase classname="com.qa.opencart.test.ProductSearchTest" name="productImagesCountTest" time="0.568"/>
  <testcase classname="com.qa.opencart.test.ProductSearchTest" name="productImagesCountTest" time="0.717"/>
  <testcase classname="com.qa.opencart.test.ProductSearchTest" name="productSearchPage" time="0.732"/>
</testsuite> <!-- com.qa.opencart.test.ProductSearchTest -->
