<?xml version="1.0" encoding="UTF-8"?>
<!-- Generated by org.testng.reporters.JUnitReportReporter -->
<testsuite hostname="Anubhuti" failures="0" tests="7" name="com.qa.opencart.test.ProductSearchTest" time="4.801" errors="0" timestamp="2024-10-08T17:30:30 IST" skipped="0">
  <testcase classname="com.qa.opencart.test.ProductSearchTest" name="productDataTest" time="1.042"/>
  <testcase classname="com.qa.opencart.test.ProductSearchTest" name="productImagesCountTest" time="0.621"/>
  <testcase classname="com.qa.opencart.test.ProductSearchTest" name="productSearchPage" time="0.656"/>
  <testcase classname="com.qa.opencart.test.ProductSearchTest" name="productImagesCountTest" time="0.616"/>
  <testcase classname="com.qa.opencart.test.ProductSearchTest" name="productSearchPage" time="0.552"/>
  <testcase classname="com.qa.opencart.test.ProductSearchTest" name="productSearchPage" time="0.649"/>
  <testcase classname="com.qa.opencart.test.ProductSearchTest" name="productImagesCountTest" time="0.665"/>
</testsuite> <!-- com.qa.opencart.test.ProductSearchTest -->
